2026-06-09 16:17:41,022 - MainThread - sqlmesh.core.console - WARNING - The snowflake engine is not recommended for storing SQLMesh state in production deployments. Please see https://sqlmesh.readthedocs.io/en/stable/guides/configuration/#state-connection for a list of recommended engines and more information. (console.py:2335)
2026-06-09 16:17:41,106 - MainThread - snowflake.connector.connection - INFO - Snowflake Connector for Python Version: 4.4.0, Python Version: 3.12.0, Platform: Windows-11-10.0.26100-SP0 (connection.py:620)
2026-06-09 16:17:41,106 - MainThread - snowflake.connector.connection - INFO - Connecting to GLOBAL Snowflake domain (connection.py:1716)
2026-06-09 16:17:44,412 - MainThread - sqlmesh.core.state_sync.common - INFO - Cleaned up 0 expired snapshots (janitor.py:181)
2026-06-09 16:17:44,531 - MainThread - sqlmesh.core.state_sync.db.interval - INFO - Compacting 0 intervals for 0 snapshots (interval.py:130)
2026-06-09 16:17:46,254 - MainThread - snowflake.connector.connection - INFO - Snowflake Connector for Python Version: 4.4.0, Python Version: 3.12.0, Platform: Windows-11-10.0.26100-SP0 (connection.py:620)
2026-06-09 16:17:46,255 - MainThread - snowflake.connector.connection - INFO - Connecting to GLOBAL Snowflake domain (connection.py:1716)
2026-06-09 16:17:46,688 - MainThread - sqlmesh.core.engine_adapter.base - INFO - Executing SQL: 
        SELECT COUNT(*) AS cnt
        FROM PORTFOLIO_DB2.PUBLIC.CLIENTDETAILS1 s
        LEFT JOIN PORTFOLIO_DB2.PUBLIC.STG_CLIENTDETAILS t
        ON s.CLIENTID = t.CLIENT_ID
        WHERE t.CLIENT_ID IS NULL
     (base.py:2624)
2026-06-09 16:17:47,175 - ThreadPoolExecutor-17_0 - sqlmesh.core.snapshot.evaluator - INFO - Listing data objects in schema PORTFOLIO_DB2.sqlmesh__PUBLIC (evaluator.py:1616)
2026-06-09 16:17:47,177 - ThreadPoolExecutor-17_0 - snowflake.connector.connection - INFO - Snowflake Connector for Python Version: 4.4.0, Python Version: 3.12.0, Platform: Windows-11-10.0.26100-SP0 (connection.py:620)
2026-06-09 16:17:47,177 - ThreadPoolExecutor-17_0 - snowflake.connector.connection - INFO - Connecting to GLOBAL Snowflake domain (connection.py:1716)
2026-06-09 16:17:47,594 - ThreadPoolExecutor-17_0 - sqlmesh.core.engine_adapter.base - INFO - Executing SQL: SELECT CURRENT_DATABASE() (base.py:2624)
2026-06-09 16:17:47,805 - ThreadPoolExecutor-17_0 - sqlmesh.core.engine_adapter.base - INFO - Executing SQL: SELECT CURRENT_DATABASE() (base.py:2624)
2026-06-09 16:17:48,017 - ThreadPoolExecutor-17_0 - sqlmesh.core.engine_adapter.base - INFO - Executing SQL: SELECT DISTINCT "TABLE_CATALOG" AS "catalog", "TABLE_NAME" AS "name", "TABLE_SCHEMA" AS "schema_name", CASE WHEN "TABLE_TYPE" = 'BASE TABLE' AND "IS_DYNAMIC" = 'YES' THEN 'MANAGED_TABLE' WHEN "TABLE_TYPE" = 'BASE TABLE' THEN 'TABLE' WHEN "TABLE_TYPE" = 'TEMPORARY TABLE' THEN 'TABLE' WHEN "TABLE_TYPE" = 'LOCAL TEMPORARY' THEN 'TABLE' WHEN "TABLE_TYPE" = 'EXTERNAL TABLE' THEN 'TABLE' WHEN "TABLE_TYPE" = 'EVENT TABLE' THEN 'TABLE' WHEN "TABLE_TYPE" = 'VIEW' THEN 'VIEW' WHEN "TABLE_TYPE" = 'MATERIALIZED VIEW' THEN 'MATERIALIZED_VIEW' ELSE "TABLE_TYPE" END AS "type", "CLUSTERING_KEY" AS "clustering_key" FROM "PORTFOLIO_DB2"."INFORMATION_SCHEMA"."TABLES" WHERE ("TABLE_SCHEMA" = 'sqlmesh__PUBLIC' AND "TABLE_NAME" IN ('PUBLIC__STG_CLIENTDETAILS__854222')) AND NOT "TABLE_NAME" LIKE 'SNOWPARK_TEMP_TABLE%' (base.py:2624)
2026-06-09 16:17:48,869 - ThreadPoolExecutor-22_0 - snowflake.connector.connection - INFO - Snowflake Connector for Python Version: 4.4.0, Python Version: 3.12.0, Platform: Windows-11-10.0.26100-SP0 (connection.py:620)
2026-06-09 16:17:48,869 - ThreadPoolExecutor-22_0 - snowflake.connector.connection - INFO - Connecting to GLOBAL Snowflake domain (connection.py:1716)
2026-06-09 16:17:49,419 - ThreadPoolExecutor-22_0 - sqlmesh.core.snapshot.evaluator - INFO - Evaluating snapshot SnapshotId<"PORTFOLIO_DB2"."PUBLIC"."STG_CLIENTDETAILS": 2128544918> (evaluator.py:711)
2026-06-09 16:17:49,419 - ThreadPoolExecutor-22_0 - snowflake.connector.connection - INFO - Snowflake Connector for Python Version: 4.4.0, Python Version: 3.12.0, Platform: Windows-11-10.0.26100-SP0 (connection.py:620)
2026-06-09 16:17:49,419 - ThreadPoolExecutor-22_0 - snowflake.connector.connection - INFO - Connecting to GLOBAL Snowflake domain (connection.py:1716)
2026-06-09 16:17:49,947 - ThreadPoolExecutor-22_0 - sqlmesh.core.snapshot.evaluator - INFO - Inserting data for snapshot SnapshotId<"PORTFOLIO_DB2"."PUBLIC"."STG_CLIENTDETAILS": 2128544918> (evaluator.py:952)
2026-06-09 16:17:49,955 - ThreadPoolExecutor-22_0 - sqlmesh.core.snapshot.evaluator - INFO - Inserting batch (2026-06-09 10:40:00, 2026-06-09 10:45:00) into PORTFOLIO_DB2.sqlmesh__PUBLIC.PUBLIC__STG_CLIENTDETAILS__854222' (evaluator.py:984)
2026-06-09 16:17:49,955 - ThreadPoolExecutor-22_0 - sqlmesh.core.engine_adapter.base - INFO - Executing SQL: DESCRIBE TABLE "PORTFOLIO_DB2"."sqlmesh__PUBLIC"."PUBLIC__STG_CLIENTDETAILS__854222" (base.py:2624)
2026-06-09 16:17:50,053 - ThreadPoolExecutor-22_0 - sqlmesh.core.engine_adapter.base - INFO - Executing SQL: MERGE INTO "PORTFOLIO_DB2"."sqlmesh__PUBLIC"."PUBLIC__STG_CLIENTDETAILS__854222" AS "__MERGE_TARGET__" USING (SELECT "CLIENTID" AS "CLIENT_ID", "CLIENTNAME" AS "CLIENT_NAME", "USERNAME" AS "USERNAME", "ASSIGNED" AS "ASSIGNED_ADVISOR", "INSERTED_AT" AS "INSERTED_AT" FROM "PORTFOLIO_DB2"."PUBLIC"."CLIENTDETAILS1" AS "CLIENTDETAILS1" WHERE NOT "CLIENTID" IS NULL QUALIFY ROW_NUMBER() OVER (PARTITION BY "CLIENTID" ORDER BY "CLIENTID") = 1) AS "__MERGE_SOURCE__" ON "__MERGE_TARGET__"."CLIENT_ID" = "__MERGE_SOURCE__"."CLIENT_ID" WHEN MATCHED THEN UPDATE SET "__MERGE_TARGET__"."CLIENT_ID" = "__MERGE_SOURCE__"."CLIENT_ID", "__MERGE_TARGET__"."CLIENT_NAME" = "__MERGE_SOURCE__"."CLIENT_NAME", "__MERGE_TARGET__"."USERNAME" = "__MERGE_SOURCE__"."USERNAME", "__MERGE_TARGET__"."ASSIGNED_ADVISOR" = "__MERGE_SOURCE__"."ASSIGNED_ADVISOR", "__MERGE_TARGET__"."INSERTED_AT" = "__MERGE_SOURCE__"."INSERTED_AT" WHEN NOT MATCHED THEN INSERT ("CLIENT_ID", "CLIENT_NAME", "USERNAME", "ASSIGNED_ADVISOR", "INSERTED_AT") VALUES ("__MERGE_SOURCE__"."CLIENT_ID", "__MERGE_SOURCE__"."CLIENT_NAME", "__MERGE_SOURCE__"."USERNAME", "__MERGE_SOURCE__"."ASSIGNED_ADVISOR", "__MERGE_SOURCE__"."INSERTED_AT") (base.py:2624)
2026-06-09 16:17:50,707 - ThreadPoolExecutor-22_0 - sqlmesh.core.state_sync.db.facade - INFO - Adding interval (2026-06-09 10:40:00, 2026-06-09 10:45:00) for snapshot SnapshotId<"PORTFOLIO_DB2"."PUBLIC"."STG_CLIENTDETAILS": 2128544918> (facade.py:637)
2026-06-09 16:17:50,707 - ThreadPoolExecutor-22_0 - sqlmesh.core.state_sync.db.interval - INFO - Pushing intervals for snapshot SnapshotId<"PORTFOLIO_DB2"."PUBLIC"."STG_CLIENTDETAILS": 2128544918> (interval.py:215)
2026-06-09 16:17:54,271 - MainThread - root - INFO - Shutting down the event dispatcher (dispatcher.py:159)
