2026-06-09 14:13:44,836 - MainThread - sqlmesh.core.config.connection - INFO - Creating new DuckDB adapter for in-memory database (connection.py:499)
2026-06-09 14:13:44,876 - ThreadPoolExecutor-0_0 - sqlmesh.core.console - WARNING - Model '"PORTFOLIO_DB2"."SQLMESH_EXAMPLE"."FULL_MODEL"' was not found at C:\Users\LakshmiVedha\reportsc\tests\test_full_model.yaml (console.py:2335)
2026-06-09 14:13:44,891 - MainThread - sqlmesh.core.console - WARNING - The snowflake engine is not recommended for storing SQLMesh state in production deployments. Please see https://sqlmesh.readthedocs.io/en/stable/guides/configuration/#state-connection for a list of recommended engines and more information. (console.py:2335)
2026-06-09 14:13:44,910 - MainThread - snowflake.connector.connection - INFO - Snowflake Connector for Python Version: 4.4.0, Python Version: 3.12.0, Platform: Windows-11-10.0.26100-SP0 (connection.py:620)
2026-06-09 14:13:44,910 - MainThread - snowflake.connector.connection - INFO - Connecting to GLOBAL Snowflake domain (connection.py:1716)
2026-06-09 14:14:01,013 - MainThread - sqlmesh.core.plan.evaluator - INFO - Evaluating plan stage PhysicalLayerSchemaCreationStage (evaluator.py:123)
2026-06-09 14:14:01,013 - ThreadPoolExecutor-15_0 - sqlmesh.core.snapshot.evaluator - INFO - Creating schema 'PORTFOLIO_DB2.sqlmesh__PUBLIC' (evaluator.py:1449)
2026-06-09 14:14:01,013 - ThreadPoolExecutor-15_0 - snowflake.connector.connection - INFO - Snowflake Connector for Python Version: 4.4.0, Python Version: 3.12.0, Platform: Windows-11-10.0.26100-SP0 (connection.py:620)
2026-06-09 14:14:01,013 - ThreadPoolExecutor-15_0 - snowflake.connector.connection - INFO - Connecting to GLOBAL Snowflake domain (connection.py:1716)
2026-06-09 14:14:01,881 - ThreadPoolExecutor-15_0 - sqlmesh.core.engine_adapter.base - INFO - Executing SQL: /* SQLMESH_PLAN: 20cb8ad52ed444deab372e9256f7bd6d */ CREATE SCHEMA IF NOT EXISTS "PORTFOLIO_DB2"."sqlmesh__PUBLIC" (base.py:2624)
2026-06-09 14:14:02,392 - MainThread - sqlmesh.core.plan.evaluator - INFO - Evaluating plan stage BackfillStage (evaluator.py:123)
2026-06-09 14:14:02,396 - MainThread - snowflake.connector.connection - INFO - Snowflake Connector for Python Version: 4.4.0, Python Version: 3.12.0, Platform: Windows-11-10.0.26100-SP0 (connection.py:620)
2026-06-09 14:14:02,427 - MainThread - snowflake.connector.connection - INFO - Connecting to GLOBAL Snowflake domain (connection.py:1716)
2026-06-09 14:14:02,946 - MainThread - sqlmesh.core.engine_adapter.base - INFO - Executing SQL: /* SQLMESH_PLAN: 20cb8ad52ed444deab372e9256f7bd6d */ 
        SELECT COUNT(*) AS cnt
        FROM PORTFOLIO_DB2.PUBLIC.CLIENTDETAILS1 s
        LEFT JOIN PORTFOLIO_DB2.PUBLIC.STG_CLIENTDETAILS t
        ON s.CLIENTID = t.CLIENT_ID
        WHERE t.CLIENT_ID IS NULL
     (base.py:2624)
2026-06-09 14:14:03,250 - ThreadPoolExecutor-19_0 - sqlmesh.core.snapshot.evaluator - INFO - Listing data objects in schema PORTFOLIO_DB2.sqlmesh__PUBLIC (evaluator.py:1616)
2026-06-09 14:14:03,255 - ThreadPoolExecutor-19_0 - snowflake.connector.connection - INFO - Snowflake Connector for Python Version: 4.4.0, Python Version: 3.12.0, Platform: Windows-11-10.0.26100-SP0 (connection.py:620)
2026-06-09 14:14:03,255 - ThreadPoolExecutor-19_0 - snowflake.connector.connection - INFO - Connecting to GLOBAL Snowflake domain (connection.py:1716)
2026-06-09 14:14:03,686 - ThreadPoolExecutor-19_0 - sqlmesh.core.engine_adapter.base - INFO - Executing SQL: /* SQLMESH_PLAN: 20cb8ad52ed444deab372e9256f7bd6d */ SELECT CURRENT_DATABASE() (base.py:2624)
2026-06-09 14:14:04,031 - ThreadPoolExecutor-19_0 - sqlmesh.core.engine_adapter.base - INFO - Executing SQL: /* SQLMESH_PLAN: 20cb8ad52ed444deab372e9256f7bd6d */ SELECT CURRENT_DATABASE() (base.py:2624)
2026-06-09 14:14:04,283 - ThreadPoolExecutor-19_0 - sqlmesh.core.engine_adapter.base - INFO - Executing SQL: /* SQLMESH_PLAN: 20cb8ad52ed444deab372e9256f7bd6d */ SELECT DISTINCT "TABLE_CATALOG" AS "catalog", "TABLE_NAME" AS "name", "TABLE_SCHEMA" AS "schema_name", CASE WHEN "TABLE_TYPE" = 'BASE TABLE' AND "IS_DYNAMIC" = 'YES' THEN 'MANAGED_TABLE' WHEN "TABLE_TYPE" = 'BASE TABLE' THEN 'TABLE' WHEN "TABLE_TYPE" = 'TEMPORARY TABLE' THEN 'TABLE' WHEN "TABLE_TYPE" = 'LOCAL TEMPORARY' THEN 'TABLE' WHEN "TABLE_TYPE" = 'EXTERNAL TABLE' THEN 'TABLE' WHEN "TABLE_TYPE" = 'EVENT TABLE' THEN 'TABLE' WHEN "TABLE_TYPE" = 'VIEW' THEN 'VIEW' WHEN "TABLE_TYPE" = 'MATERIALIZED VIEW' THEN 'MATERIALIZED_VIEW' ELSE "TABLE_TYPE" END AS "type", "CLUSTERING_KEY" AS "clustering_key" FROM "PORTFOLIO_DB2"."INFORMATION_SCHEMA"."TABLES" WHERE ("TABLE_SCHEMA" = 'sqlmesh__PUBLIC' AND "TABLE_NAME" IN ('PUBLIC__STG_CLIENTDETAILS__854222')) AND NOT "TABLE_NAME" LIKE 'SNOWPARK_TEMP_TABLE%' (base.py:2624)
2026-06-09 14:14:05,274 - MainThread - sqlmesh.core.plan.evaluator - INFO - Evaluating plan stage EnvironmentRecordUpdateStage (evaluator.py:123)
2026-06-09 14:14:05,274 - MainThread - sqlmesh.core.state_sync.db.facade - INFO - Promoting environment 'prod' (facade.py:167)
2026-06-09 14:14:09,898 - MainThread - sqlmesh.core.plan.evaluator - INFO - Evaluating plan stage MigrateSchemasStage (evaluator.py:123)
2026-06-09 14:14:09,905 - ThreadPoolExecutor-32_0 - sqlmesh.core.snapshot.evaluator - INFO - Listing data objects in schema PORTFOLIO_DB2.sqlmesh__PUBLIC (evaluator.py:1616)
2026-06-09 14:14:09,905 - ThreadPoolExecutor-33_0 - snowflake.connector.connection - INFO - Snowflake Connector for Python Version: 4.4.0, Python Version: 3.12.0, Platform: Windows-11-10.0.26100-SP0 (connection.py:620)
2026-06-09 14:14:09,905 - ThreadPoolExecutor-33_0 - snowflake.connector.connection - INFO - Connecting to GLOBAL Snowflake domain (connection.py:1716)
2026-06-09 14:14:10,534 - ThreadPoolExecutor-33_0 - sqlmesh.core.snapshot.evaluator - INFO - Creating table 'PORTFOLIO_DB2.sqlmesh__PUBLIC.PUBLIC__STG_CLIENTDETAILS__854222_schema_tmp' (evaluator.py:2042)
2026-06-09 14:14:10,534 - ThreadPoolExecutor-33_0 - sqlmesh.core.engine_adapter.base - INFO - Executing SQL: /* SQLMESH_PLAN: 20cb8ad52ed444deab372e9256f7bd6d */ CREATE TABLE IF NOT EXISTS "PORTFOLIO_DB2"."sqlmesh__PUBLIC"."PUBLIC__STG_CLIENTDETAILS__854222_schema_tmp" AS SELECT "CLIENTID" AS "CLIENT_ID", "CLIENTNAME" AS "CLIENT_NAME", "USERNAME" AS "USERNAME", "ASSIGNED" AS "ASSIGNED_ADVISOR", "INSERTED_AT" AS "INSERTED_AT" FROM "PORTFOLIO_DB2"."PUBLIC"."CLIENTDETAILS1" AS "CLIENTDETAILS1" WHERE NOT "CLIENTID" IS NULL AND FALSE QUALIFY ROW_NUMBER() OVER (PARTITION BY "CLIENTID" ORDER BY "CLIENTID") = 1 LIMIT 0 (base.py:2624)
2026-06-09 14:14:10,840 - ThreadPoolExecutor-33_0 - sqlmesh.core.snapshot.evaluator - INFO - Migrating table schema from 'PORTFOLIO_DB2.sqlmesh__PUBLIC.PUBLIC__STG_CLIENTDETAILS__854222_schema_tmp' to 'PORTFOLIO_DB2.sqlmesh__PUBLIC.PUBLIC__STG_CLIENTDETAILS__854222' (evaluator.py:1214)
2026-06-09 14:14:10,840 - ThreadPoolExecutor-33_0 - sqlmesh.core.snapshot.evaluator - INFO - Altering table 'PORTFOLIO_DB2.sqlmesh__PUBLIC.PUBLIC__STG_CLIENTDETAILS__854222' (evaluator.py:2098)
2026-06-09 14:14:10,840 - ThreadPoolExecutor-33_0 - sqlmesh.core.engine_adapter.base - INFO - Executing SQL: /* SQLMESH_PLAN: 20cb8ad52ed444deab372e9256f7bd6d */ DESCRIBE TABLE "PORTFOLIO_DB2"."sqlmesh__PUBLIC"."PUBLIC__STG_CLIENTDETAILS__854222" (base.py:2624)
2026-06-09 14:14:10,998 - ThreadPoolExecutor-33_0 - sqlmesh.core.engine_adapter.base - INFO - Executing SQL: /* SQLMESH_PLAN: 20cb8ad52ed444deab372e9256f7bd6d */ DESCRIBE TABLE "PORTFOLIO_DB2"."sqlmesh__PUBLIC"."PUBLIC__STG_CLIENTDETAILS__854222_schema_tmp" (base.py:2624)
2026-06-09 14:14:11,134 - ThreadPoolExecutor-33_0 - sqlmesh.core.engine_adapter.base - INFO - Executing SQL: /* SQLMESH_PLAN: 20cb8ad52ed444deab372e9256f7bd6d */ SELECT CURRENT_DATABASE() (base.py:2624)
2026-06-09 14:14:11,263 - ThreadPoolExecutor-33_0 - sqlmesh.core.engine_adapter.base - INFO - Executing SQL: /* SQLMESH_PLAN: 20cb8ad52ed444deab372e9256f7bd6d */ SELECT CURRENT_DATABASE() (base.py:2624)
2026-06-09 14:14:11,400 - ThreadPoolExecutor-33_0 - sqlmesh.core.engine_adapter.base - INFO - Executing SQL: /* SQLMESH_PLAN: 20cb8ad52ed444deab372e9256f7bd6d */ SELECT DISTINCT "TABLE_CATALOG" AS "catalog", "TABLE_NAME" AS "name", "TABLE_SCHEMA" AS "schema_name", CASE WHEN "TABLE_TYPE" = 'BASE TABLE' AND "IS_DYNAMIC" = 'YES' THEN 'MANAGED_TABLE' WHEN "TABLE_TYPE" = 'BASE TABLE' THEN 'TABLE' WHEN "TABLE_TYPE" = 'TEMPORARY TABLE' THEN 'TABLE' WHEN "TABLE_TYPE" = 'LOCAL TEMPORARY' THEN 'TABLE' WHEN "TABLE_TYPE" = 'EXTERNAL TABLE' THEN 'TABLE' WHEN "TABLE_TYPE" = 'EVENT TABLE' THEN 'TABLE' WHEN "TABLE_TYPE" = 'VIEW' THEN 'VIEW' WHEN "TABLE_TYPE" = 'MATERIALIZED VIEW' THEN 'MATERIALIZED_VIEW' ELSE "TABLE_TYPE" END AS "type", "CLUSTERING_KEY" AS "clustering_key" FROM "PORTFOLIO_DB2"."INFORMATION_SCHEMA"."TABLES" WHERE ("TABLE_SCHEMA" = 'sqlmesh__PUBLIC' AND "TABLE_NAME" IN ('PUBLIC__STG_CLIENTDETAILS__854222_schema_tmp')) AND NOT "TABLE_NAME" LIKE 'SNOWPARK_TEMP_TABLE%' (base.py:2624)
2026-06-09 14:14:12,371 - ThreadPoolExecutor-33_0 - sqlmesh.core.engine_adapter.base - INFO - Executing SQL: /* SQLMESH_PLAN: 20cb8ad52ed444deab372e9256f7bd6d */ DROP TABLE IF EXISTS "PORTFOLIO_DB2"."sqlmesh__PUBLIC"."PUBLIC__STG_CLIENTDETAILS__854222_schema_tmp" (base.py:2624)
2026-06-09 14:14:13,127 - MainThread - sqlmesh.core.plan.evaluator - INFO - Evaluating plan stage UnpauseStage (evaluator.py:123)
2026-06-09 14:14:14,416 - MainThread - sqlmesh.core.plan.evaluator - INFO - Evaluating plan stage VirtualLayerUpdateStage (evaluator.py:123)
2026-06-09 14:14:14,422 - ThreadPoolExecutor-40_0 - sqlmesh.core.snapshot.evaluator - INFO - Creating schema 'PORTFOLIO_DB2.PUBLIC' (evaluator.py:1449)
2026-06-09 14:14:14,427 - ThreadPoolExecutor-40_0 - snowflake.connector.connection - INFO - Snowflake Connector for Python Version: 4.4.0, Python Version: 3.12.0, Platform: Windows-11-10.0.26100-SP0 (connection.py:620)
2026-06-09 14:14:14,429 - ThreadPoolExecutor-40_0 - snowflake.connector.connection - INFO - Connecting to GLOBAL Snowflake domain (connection.py:1716)
2026-06-09 14:14:15,011 - ThreadPoolExecutor-40_0 - sqlmesh.core.engine_adapter.base - INFO - Executing SQL: /* SQLMESH_PLAN: 20cb8ad52ed444deab372e9256f7bd6d */ CREATE SCHEMA IF NOT EXISTS "PORTFOLIO_DB2"."PUBLIC" (base.py:2624)
2026-06-09 14:14:15,611 - ThreadPoolExecutor-42_0 - sqlmesh.core.snapshot.evaluator - INFO - Listing data objects in schema PORTFOLIO_DB2.PUBLIC (evaluator.py:1616)
2026-06-09 14:14:15,611 - ThreadPoolExecutor-42_0 - snowflake.connector.connection - INFO - Snowflake Connector for Python Version: 4.4.0, Python Version: 3.12.0, Platform: Windows-11-10.0.26100-SP0 (connection.py:620)
2026-06-09 14:14:15,611 - ThreadPoolExecutor-42_0 - snowflake.connector.connection - INFO - Connecting to GLOBAL Snowflake domain (connection.py:1716)
2026-06-09 14:14:16,245 - ThreadPoolExecutor-42_0 - sqlmesh.core.engine_adapter.base - INFO - Executing SQL: /* SQLMESH_PLAN: 20cb8ad52ed444deab372e9256f7bd6d */ SELECT CURRENT_DATABASE() (base.py:2624)
2026-06-09 14:14:16,553 - ThreadPoolExecutor-42_0 - sqlmesh.core.engine_adapter.base - INFO - Executing SQL: /* SQLMESH_PLAN: 20cb8ad52ed444deab372e9256f7bd6d */ SELECT CURRENT_DATABASE() (base.py:2624)
2026-06-09 14:14:16,857 - ThreadPoolExecutor-42_0 - sqlmesh.core.engine_adapter.base - INFO - Executing SQL: /* SQLMESH_PLAN: 20cb8ad52ed444deab372e9256f7bd6d */ SELECT DISTINCT "TABLE_CATALOG" AS "catalog", "TABLE_NAME" AS "name", "TABLE_SCHEMA" AS "schema_name", CASE WHEN "TABLE_TYPE" = 'BASE TABLE' AND "IS_DYNAMIC" = 'YES' THEN 'MANAGED_TABLE' WHEN "TABLE_TYPE" = 'BASE TABLE' THEN 'TABLE' WHEN "TABLE_TYPE" = 'TEMPORARY TABLE' THEN 'TABLE' WHEN "TABLE_TYPE" = 'LOCAL TEMPORARY' THEN 'TABLE' WHEN "TABLE_TYPE" = 'EXTERNAL TABLE' THEN 'TABLE' WHEN "TABLE_TYPE" = 'EVENT TABLE' THEN 'TABLE' WHEN "TABLE_TYPE" = 'VIEW' THEN 'VIEW' WHEN "TABLE_TYPE" = 'MATERIALIZED VIEW' THEN 'MATERIALIZED_VIEW' ELSE "TABLE_TYPE" END AS "type", "CLUSTERING_KEY" AS "clustering_key" FROM "PORTFOLIO_DB2"."INFORMATION_SCHEMA"."TABLES" WHERE ("TABLE_SCHEMA" = 'PUBLIC' AND "TABLE_NAME" IN ('STG_CLIENTDETAILS')) AND NOT "TABLE_NAME" LIKE 'SNOWPARK_TEMP_TABLE%' (base.py:2624)
2026-06-09 14:14:18,103 - ThreadPoolExecutor-47_0 - snowflake.connector.connection - INFO - Snowflake Connector for Python Version: 4.4.0, Python Version: 3.12.0, Platform: Windows-11-10.0.26100-SP0 (connection.py:620)
2026-06-09 14:14:18,103 - ThreadPoolExecutor-47_0 - snowflake.connector.connection - INFO - Connecting to GLOBAL Snowflake domain (connection.py:1716)
2026-06-09 14:14:18,597 - ThreadPoolExecutor-47_0 - sqlmesh.core.snapshot.evaluator - INFO - Updating view 'PORTFOLIO_DB2.PUBLIC.STG_CLIENTDETAILS' to point at table 'PORTFOLIO_DB2.sqlmesh__PUBLIC.PUBLIC__STG_CLIENTDETAILS__854222' (evaluator.py:1988)
2026-06-09 14:14:18,603 - ThreadPoolExecutor-47_0 - sqlmesh.core.engine_adapter.base - INFO - Executing SQL: /* SQLMESH_PLAN: 20cb8ad52ed444deab372e9256f7bd6d */ CREATE OR REPLACE VIEW "PORTFOLIO_DB2"."PUBLIC"."STG_CLIENTDETAILS" COPY GRANTS AS SELECT * FROM "PORTFOLIO_DB2"."sqlmesh__PUBLIC"."PUBLIC__STG_CLIENTDETAILS__854222" (base.py:2624)
2026-06-09 14:14:19,133 - MainThread - sqlmesh.core.plan.evaluator - INFO - Evaluating plan stage FinalizeEnvironmentStage (evaluator.py:123)
2026-06-09 14:14:19,133 - MainThread - sqlmesh.core.state_sync.db.environment - INFO - Finalizing environment 'prod' (environment.py:141)
2026-06-09 14:14:20,229 - MainThread - root - INFO - Shutting down the event dispatcher (dispatcher.py:159)
